#
# A fatal error has been detected by the Java Runtime Environment:
#
#  EXCEPTION_ACCESS_VIOLATION (0xc0000005) at pc=0x000000006daec468, pid=4216, tid=3988
#
# JRE version: 7.0_01-b08
# Java VM: Java HotSpot(TM) 64-Bit Server VM (21.1-b02 mixed mode windows-amd64 compressed oops)
# Problematic frame:
# V  [jvm.dll+0x5c468]
#
# Failed to write core dump. Minidumps are not enabled by default on client versions of Windows
#
# If you would like to submit a bug report, please visit:
#   http://bugreport.sun.com/bugreport/crash.jsp
#

---------------  T H R E A D  ---------------

Current thread (0x000000000665a800):  JavaThread "C2 CompilerThread1" daemon [_thread_in_vm, id=3988, stack(0x0000000007fb0000,0x00000000080b0000)]

siginfo: ExceptionCode=0xc0000005, reading address 0x0000000008000000

Registers:
RAX=0xffffffffffffffff, RBX=0x0000000008000000, RCX=0x000000006dc98a0c, RDX=0x0000000000000001
RSP=0x00000000080ad8b0, RBP=0x000000000000f000, RSI=0x0000000000000001, RDI=0x00000000029ed3c2
R8 =0x000000006da90000, R9 =0x00000000029ea9a6, R10=0x0000000000000000, R11=0x00000000029eb790
R12=0x000000006df61008, R13=0x0000000000000000, R14=0x0000000000001000, R15=0x0000000000000000
RIP=0x000000006daec468, EFLAGS=0x0000000000010213

Top of Stack: (sp=0x00000000080ad8b0)
0x00000000080ad8b0:   ffffffffffffffff 0000000000000001
0x00000000080ad8c0:   0000000000000001 000000000979c8c0
0x00000000080ad8d0:   0000000000000000 00000000029ea9aa
0x00000000080ad8e0:   00000000029eaa48 00000000029ea710
0x00000000080ad8f0:   00000000029ed3c0 000000006dc3000a
0x00000000080ad900:   00000000029ea9a6 000000006d000000
0x00000000080ad910:   00000000029eaa60 00000000029eaa60
0x00000000080ad920:   00000000029ed3c0 00000000029eaa60
0x00000000080ad930:   00000000029ed3c0 00000000029ed4c8
0x00000000080ad940:   000000006df61008 00000000080ad8d0
0x00000000080ad950:   0000000000000000 000000006daf0735
0x00000000080ad960:   0000000000000350 00000000080aeefc
0x00000000080ad970:   00000000080aef60 00000000080af0e0
0x00000000080ad980:   00000000080af0c8 000000006daef41f
0x00000000080ad990:   00000000066306d0 000000000979c8c0
0x00000000080ad9a0:   00000000080aeefc 00000000029ea710 

Instructions: (pc=0x000000006daec468)
0x000000006daec448:   8c 24 90 00 00 00 e8 4d 4d 00 00 48 8b f8 48 8b
0x000000006daec458:   18 48 85 db 74 22 e8 6d 7d 04 00 48 3b d8 74 18
0x000000006daec468:   48 8b 0b 48 89 0f 48 8d 8c 24 90 00 00 00 e8 a5
0x000000006daec478:   4d 00 00 e9 13 ff ff ff 48 89 1f 48 8d 8c 24 90 


Register to memory mapping:

RAX=0xffffffffffffffff is an unknown value
RBX=0x0000000008000000 is pointing into the stack for thread: 0x000000000665a800
RCX=0x000000006dc98a0c is an unknown value
RDX=0x0000000000000001 is an unknown value
RSP=0x00000000080ad8b0 is pointing into the stack for thread: 0x000000000665a800
RBP=0x000000000000f000 is an unknown value
RSI=0x0000000000000001 is an unknown value
RDI=0x00000000029ea710 [CodeBlob (0x00000000029ea710)]
Framesize: 26
R8 =0x000000006da90000 is an unknown value
R9 =0x00000000029ea710 [CodeBlob (0x00000000029ea710)]
Framesize: 26
R10=0x0000000000000000 is an unknown value
R11=0x00000000029ea710 [CodeBlob (0x00000000029ea710)]
Framesize: 26
R12=0x000000006df61008 is an unknown value
R13=0x0000000000000000 is an unknown value
R14=0x0000000000001000 is an unknown value
R15=0x0000000000000000 is an unknown value


Stack: [0x0000000007fb0000,0x00000000080b0000],  sp=0x00000000080ad8b0,  free space=1014k
Native frames: (J=compiled Java code, j=interpreted, Vv=VM code, C=native code)
V  [jvm.dll+0x5c468]

[error occurred during error reporting (printing native stack), id 0xc0000005]


Current CompileTask:
C2:   2604  354             org.sonatype.aether.util.graph.transformer.NearestVersionConflictResolver::selectVersion (349 bytes)


---------------  P R O C E S S  ---------------

Java Threads: ( => current thread )
  0x000000000665c000 JavaThread "Service Thread" daemon [_thread_blocked, id=4824, stack(0x00000000080c0000,0x00000000081c0000)]
=>0x000000000665a800 JavaThread "C2 CompilerThread1" daemon [_thread_in_vm, id=3988, stack(0x0000000007fb0000,0x00000000080b0000)]
  0x0000000006654800 JavaThread "C2 CompilerThread0" daemon [_thread_blocked, id=3052, stack(0x0000000007e00000,0x0000000007f00000)]
  0x000000000664a000 JavaThread "JDWP Command Reader" daemon [_thread_in_native, id=3288, stack(0x0000000007ac0000,0x0000000007bc0000)]
  0x0000000006646800 JavaThread "JDWP Event Helper Thread" daemon [_thread_blocked, id=1580, stack(0x0000000007c70000,0x0000000007d70000)]
  0x000000000663e800 JavaThread "JDWP Transport Listener: dt_socket" daemon [_thread_blocked, id=3660, stack(0x00000000079c0000,0x0000000007ac0000)]
  0x0000000006634000 JavaThread "Attach Listener" daemon [_thread_blocked, id=188, stack(0x0000000006fc0000,0x00000000070c0000)]
  0x000000000662d000 JavaThread "Signal Dispatcher" daemon [_thread_blocked, id=1640, stack(0x0000000007120000,0x0000000007220000)]
  0x0000000002488000 JavaThread "Finalizer" daemon [_thread_blocked, id=3112, stack(0x0000000006b80000,0x0000000006c80000)]
  0x000000000247f000 JavaThread "Reference Handler" daemon [_thread_blocked, id=2736, stack(0x0000000006e70000,0x0000000006f70000)]
  0x000000000238d000 JavaThread "main" [_thread_blocked, id=4284, stack(0x0000000002750000,0x0000000002850000)]

Other Threads:
  0x0000000002475800 VMThread [stack: 0x0000000006d10000,0x0000000006e10000] [id=2280]
  0x0000000006675000 WatcherThread [stack: 0x00000000081c0000,0x00000000082c0000] [id=1672]

VM state:not at safepoint (normal execution)

VM Mutex/Monitor currently owned by a thread:  ([mutex/lock_event])
[0x0000000002389860] CodeCache_lock - owner thread: 0x000000000665a800
[0x000000000238af10] Compile_lock - owner thread: 0x000000000665a800
[0x000000000238b010] MethodCompileQueue_lock - owner thread: 0x000000000665a800

Heap
 PSYoungGen      total 70976K, used 66537K [0x00000007d5560000, 0x00000007da000000, 0x0000000800000000)
  eden space 65536K, 93% used [0x00000007d5560000,0x00000007d910be78,0x00000007d9560000)
  from space 5440K, 99% used [0x00000007d9ab0000,0x00000007d9ffe778,0x00000007da000000)
  to   space 5440K, 0% used [0x00000007d9560000,0x00000007d9560000,0x00000007d9ab0000)
 PSOldGen        total 87424K, used 1865K [0x0000000780000000, 0x0000000785560000, 0x00000007d5560000)
  object space 87424K, 2% used [0x0000000780000000,0x00000007801d26d8,0x0000000785560000)
 PSPermGen       total 21248K, used 13636K [0x000000077ae00000, 0x000000077c2c0000, 0x0000000780000000)
  object space 21248K, 64% used [0x000000077ae00000,0x000000077bb51090,0x000000077c2c0000)

Code Cache  [0x0000000002850000, 0x0000000002ac0000, 0x0000000005850000)
 total_blobs=631 nmethods=358 adapters=229 free_code_cache=47510Kb largest_free_block=48628096

Dynamic libraries:
0x000000013fe20000 - 0x000000013fe53000 	C:\Program Files\Java\jdk1.7.0_01\bin\javaw.exe
0x00000000775f0000 - 0x0000000077799000 	C:\Windows\SYSTEM32\ntdll.dll
0x00000000773d0000 - 0x00000000774ef000 	C:\Windows\system32\kernel32.dll
0x000007fefd7a0000 - 0x000007fefd80b000 	C:\Windows\system32\KERNELBASE.dll
0x000007feff3e0000 - 0x000007feff4bb000 	C:\Windows\system32\ADVAPI32.dll
0x000007feff340000 - 0x000007feff3df000 	C:\Windows\system32\msvcrt.dll
0x000007feff8e0000 - 0x000007feff8ff000 	C:\Windows\SYSTEM32\sechost.dll
0x000007feff210000 - 0x000007feff33d000 	C:\Windows\system32\RPCRT4.dll
0x00000000774f0000 - 0x00000000775ea000 	C:\Windows\system32\USER32.dll
0x000007feff4c0000 - 0x000007feff527000 	C:\Windows\system32\GDI32.dll
0x000007feff8d0000 - 0x000007feff8de000 	C:\Windows\system32\LPK.dll
0x000007fefdbb0000 - 0x000007fefdc79000 	C:\Windows\system32\USP10.dll
0x000007fefbfc0000 - 0x000007fefc1b4000 	C:\Windows\WinSxS\amd64_microsoft.windows.common-controls_6595b64144ccf1df_6.0.7601.17514_none_fa396087175ac9ac\COMCTL32.dll
0x000007fefdb30000 - 0x000007fefdba1000 	C:\Windows\system32\SHLWAPI.dll
0x000007feff8a0000 - 0x000007feff8ce000 	C:\Windows\system32\IMM32.DLL
0x000007fefdc80000 - 0x000007fefdd89000 	C:\Windows\system32\MSCTF.dll
0x0000000070580000 - 0x0000000070651000 	C:\Program Files\Java\jdk1.7.0_01\jre\bin\msvcr100.dll
0x000000006da90000 - 0x000000006e15d000 	C:\Program Files\Java\jdk1.7.0_01\jre\bin\server\jvm.dll
0x000007fef7fd0000 - 0x000007fef7fd9000 	C:\Windows\system32\WSOCK32.dll
0x000007feff1c0000 - 0x000007feff20d000 	C:\Windows\system32\WS2_32.dll
0x000007feff830000 - 0x000007feff838000 	C:\Windows\system32\NSI.dll
0x000007fefa080000 - 0x000007fefa0bb000 	C:\Windows\system32\WINMM.dll
0x00000000777c0000 - 0x00000000777c7000 	C:\Windows\system32\PSAPI.DLL
0x0000000072900000 - 0x000000007290f000 	C:\Program Files\Java\jdk1.7.0_01\jre\bin\verify.dll
0x0000000072450000 - 0x0000000072478000 	C:\Program Files\Java\jdk1.7.0_01\jre\bin\java.dll
0x0000000073050000 - 0x0000000073085000 	C:\Program Files\Java\jdk1.7.0_01\jre\bin\jdwp.dll
0x00000000730c0000 - 0x00000000730c8000 	C:\Program Files\Java\jdk1.7.0_01\jre\bin\npt.dll
0x0000000071ed0000 - 0x0000000071ee5000 	C:\Program Files\Java\jdk1.7.0_01\jre\bin\zip.dll
0x00000000730b0000 - 0x00000000730b9000 	C:\Program Files\Java\jdk1.7.0_01\jre\bin\dt_socket.dll
0x000007fefb180000 - 0x000007fefb195000 	C:\Windows\system32\NLAapi.dll
0x000007fef8b80000 - 0x000007fef8b95000 	C:\Windows\system32\napinsp.dll
0x000007fef5320000 - 0x000007fef5339000 	C:\Windows\system32\pnrpnsp.dll
0x000007fefcd50000 - 0x000007fefcda5000 	C:\Windows\System32\mswsock.dll
0x000007fefcbe0000 - 0x000007fefcc3b000 	C:\Windows\system32\DNSAPI.dll
0x000007fef8b70000 - 0x000007fef8b7b000 	C:\Windows\System32\winrnr.dll
0x0000000074f00000 - 0x0000000074f26000 	C:\Program Files\Bonjour\mdnsNSP.dll
0x000007fefaf10000 - 0x000007fefaf37000 	C:\Windows\system32\Iphlpapi.DLL
0x000007fefaf00000 - 0x000007fefaf0b000 	C:\Windows\system32\WINNSI.DLL
0x000007fefa7d0000 - 0x000007fefa823000 	C:\Windows\System32\fwpuclnt.dll
0x000007fefc200000 - 0x000007fefc208000 	C:\Windows\system32\rasadhlp.dll
0x000007fefc770000 - 0x000007fefc777000 	C:\Windows\System32\wshtcpip.dll
0x0000000071eb0000 - 0x0000000071ec9000 	C:\Program Files\Java\jdk1.7.0_01\jre\bin\net.dll
0x000007fefcf30000 - 0x000007fefcf37000 	C:\Windows\System32\wship6.dll
0x0000000071e90000 - 0x0000000071ea1000 	C:\Program Files\Java\jdk1.7.0_01\jre\bin\nio.dll
0x000007fefd410000 - 0x000007fefd467000 	C:\Windows\system32\apphelp.dll
0x000007fef0220000 - 0x000007fef0345000 	C:\Windows\system32\dbghelp.dll

VM Arguments:
jvm_args: -agentlib:jdwp=transport=dt_socket,suspend=y,address=localhost:50069 -Dmaven.home=D:\new\java\maven\maven3 -Dclassworlds.conf=D:\new\workspace\MySpace1\.metadata\.plugins\org.maven.ide.eclipse\launches\m2conf7590917235811838895.tmp -Dfile.encoding=UTF-8 
java_command: org.codehaus.plexus.classworlds.launcher.Launcher -B -s D:\new\java\maven\maven3\conf\settings.xml jetty:run
Launcher Type: SUN_STANDARD

Environment Variables:
JAVA_HOME=C:\Program Files\Java\jdk1.7.0_01
CLASSPATH=.;C:\Program Files (x86)\QuickTime\QTSystem\QTJava.zip
PATH=C:\Program Files\Java\jdk1.7.0_01\jre\bin;D:\oracle\product\10.2.0\db_1\bin;C:\Windows\system32;C:\Windows;C:\Windows\System32\Wbem;C:\Windows\System32\WindowsPowerShell\v1.0\;C:\Program Files (x86)\ATI Technologies\ATI.ACE\Core-Static;D:\Program Files\MySQL\MySQL Server 5.5\bin;C:\Program Files (x86)\QuickTime\QTSystem\;D:\Program Files\TortoiseSVN\bin;C:\Program Files\Java\jdk1.7.0_01\bin;D:\new\java\maven\maven3\bin
USERNAME=Kimalu
OS=Windows_NT
PROCESSOR_IDENTIFIER=AMD64 Family 16 Model 4 Stepping 3, AuthenticAMD



---------------  S Y S T E M  ---------------

OS: Windows 7 , 64 bit Build 7601 Service Pack 1

CPU:total 4 (4 cores per cpu, 1 threads per core) family 16 model 4 stepping 3, cmov, cx8, fxsr, mmx, sse, sse2, sse3, popcnt, mmxext, 3dnowpref, lzcnt, sse4a

Memory: 4k page, physical 8387896k(6078856k free), swap 16773948k(13981364k free)

vm_info: Java HotSpot(TM) 64-Bit Server VM (21.1-b02) for windows-amd64 JRE (1.7.0_01-b08), built on Oct  3 2011 01:39:25 by "java_re" with unknown MS VC++:1600

time: Mon Oct 01 17:22:26 2012
elapsed time: 2 seconds

