#
# A fatal error has been detected by the Java Runtime Environment:
#
#  EXCEPTION_ACCESS_VIOLATION (0xc0000005) at pc=0x000000007296f1c8, pid=3904, tid=4300
#
# JRE version: 7.0_07-b11
# Java VM: Java HotSpot(TM) 64-Bit Server VM (23.3-b01 mixed mode windows-amd64 compressed oops)
# Problematic frame:
# V  [jvm.dll+0x5f1c8]
#
# Failed to write core dump. Minidumps are not enabled by default on client versions of Windows
#
# If you would like to submit a bug report, please visit:
#   http://bugreport.sun.com/bugreport/crash.jsp
#

---------------  T H R E A D  ---------------

Current thread (0x000000000bc02000):  JavaThread "C2 CompilerThread1" daemon [_thread_in_vm, id=4300, stack(0x000000000dc20000,0x000000000dd20000)]

siginfo: ExceptionCode=0xc0000005, reading address 0x0000000000000008

Registers:
RAX=0xffffffffffffffff, RBX=0x0000000000000008, RCX=0x0000000072b288dc, RDX=0x0000000000000048
RSP=0x000000000dd1daa0, RBP=0x000000000000f000, RSI=0x0000000000000001, RDI=0x0000000002ae99c5
R8 =0x000000000dd1da01, R9 =0x0000000072910000, R10=0x0000000000000000, R11=0x0000000002ae8d7a
R12=0x0000000072e10a48, R13=0x0000000000000000, R14=0x0000000000001000, R15=0x0000000000000000
RIP=0x000000007296f1c8, EFLAGS=0x0000000000010217

Top of Stack: (sp=0x000000000dd1daa0)
0x000000000dd1daa0:   0000000000000000 0000000000000001
0x000000000dd1dab0:   0000000000000001 000000000e79b520
0x000000000dd1dac0:   0000000000000000 0000000002add400
0x000000000dd1dad0:   0000000002add548 0000000002adc750
0x000000000dd1dae0:   0000000002ae99c3 0000000072ac0016
0x000000000dd1daf0:   0000000002add3fc 0000000072000000
0x000000000dd1db00:   0000000002add560 0000000002add580
0x000000000dd1db10:   0000000002ae9360 0000000002add580
0x000000000dd1db20:   0000000002ae9360 0000000002ae9b80
0x000000000dd1db30:   0000000072e10a48 000000000dd1dac0
0x000000000dd1db40:   0000000000000000 0000000072973515
0x000000000dd1db50:   0000000000000e10 000000000dd1f0e4
0x000000000dd1db60:   000000000dd1f148 000000000dd1f2c8
0x000000000dd1db70:   000000000dd1f2b0 000000007297220f
0x000000000dd1db80:   000000000bbd8c40 000000000e79b520
0x000000000dd1db90:   000000000dd1f0e4 0000000002adc750 

Instructions: (pc=0x000000007296f1c8)
0x000000007296f1a8:   8c 24 90 00 00 00 e8 cd 4d 00 00 48 8b f8 48 8b
0x000000007296f1b8:   18 48 85 db 74 22 e8 ed 9b 04 00 48 3b d8 74 18
0x000000007296f1c8:   48 8b 0b 48 89 0f 48 8d 8c 24 90 00 00 00 e8 25
0x000000007296f1d8:   4e 00 00 e9 13 ff ff ff 48 89 1f 48 8d 8c 24 90 


Register to memory mapping:

RAX=0xffffffffffffffff is an unknown value
RBX=0x0000000000000008 is an unknown value
RCX=0x0000000072b288dc is an unknown value
RDX=0x0000000000000048 is an unknown value
RSP=0x000000000dd1daa0 is pointing into the stack for thread: 0x000000000bc02000
RBP=0x000000000000f000 is an unknown value
RSI=0x0000000000000001 is an unknown value
RDI=0x0000000002adc750 [CodeBlob (0x0000000002adc750)]
Framesize: 40
R8 =0x000000000dd1da01 is pointing into the stack for thread: 0x000000000bc02000
R9 =0x0000000072910000 is an unknown value
R10=0x0000000000000000 is an unknown value
R11=0x0000000002adc750 [CodeBlob (0x0000000002adc750)]
Framesize: 40
R12=0x0000000072e10a48 is an unknown value
R13=0x0000000000000000 is an unknown value
R14=0x0000000000001000 is an unknown value
R15=0x0000000000000000 is an unknown value


Stack: [0x000000000dc20000,0x000000000dd20000],  sp=0x000000000dd1daa0,  free space=1014k
Native frames: (J=compiled Java code, j=interpreted, Vv=VM code, C=native code)
V  [jvm.dll+0x5f1c8]

[error occurred during error reporting (printing native stack), id 0xc0000005]


Current CompileTask:
C2: 307159  655   !         org.mortbay.jetty.webapp.TagLibConfiguration::configureWebApp (1204 bytes)


---------------  P R O C E S S  ---------------

Java Threads: ( => current thread )
  0x000000000f3c5000 JavaThread "Timer-2" daemon [_thread_blocked, id=2460, stack(0x0000000011050000,0x0000000011150000)]
  0x0000000016705800 JavaThread "Timer-1" daemon [_thread_blocked, id=4264, stack(0x00000000111d0000,0x00000000112d0000)]
  0x000000000fb7d000 JavaThread "Abandoned connection cleanup thread" daemon [_thread_blocked, id=4664, stack(0x0000000015880000,0x0000000015980000)]
  0x000000000ef85800 JavaThread "btpool0-1 - Acceptor0 SelectChannelConnector@0.0.0.0:8080" [_thread_in_native, id=4784, stack(0x0000000010f50000,0x0000000011050000)]
  0x000000000eee2000 JavaThread "btpool0-0" [_thread_blocked, id=3424, stack(0x000000000e360000,0x000000000e460000)]
  0x000000000fd9d000 JavaThread "StopMonitor" daemon [_thread_in_native, id=2944, stack(0x0000000010d10000,0x0000000010e10000)]
  0x000000000bc06000 JavaThread "Service Thread" daemon [_thread_blocked, id=4780, stack(0x000000000ddc0000,0x000000000dec0000)]
=>0x000000000bc02000 JavaThread "C2 CompilerThread1" daemon [_thread_in_vm, id=4300, stack(0x000000000dc20000,0x000000000dd20000)]
  0x000000000bbfe800 JavaThread "C2 CompilerThread0" daemon [_thread_in_vm, id=2596, stack(0x000000000d420000,0x000000000d520000)]
  0x000000000bbf2000 JavaThread "JDWP Command Reader" daemon [_thread_in_native, id=4236, stack(0x000000000da00000,0x000000000db00000)]
  0x000000000bbf1000 JavaThread "JDWP Event Helper Thread" daemon [_thread_blocked, id=4400, stack(0x000000000d730000,0x000000000d830000)]
  0x000000000bbe3000 JavaThread "JDWP Transport Listener: dt_socket" daemon [_thread_blocked, id=5112, stack(0x000000000cd40000,0x000000000ce40000)]
  0x000000000bbdc800 JavaThread "Attach Listener" daemon [_thread_blocked, id=4384, stack(0x000000000d2b0000,0x000000000d3b0000)]
  0x000000000bbd5800 JavaThread "Signal Dispatcher" daemon [_thread_blocked, id=3388, stack(0x000000000d0b0000,0x000000000d1b0000)]
  0x0000000002568000 JavaThread "Finalizer" daemon [_thread_blocked, id=3448, stack(0x000000000cee0000,0x000000000cfe0000)]
  0x0000000002561000 JavaThread "Reference Handler" daemon [_thread_blocked, id=4324, stack(0x000000000cc10000,0x000000000cd10000)]
  0x0000000001bfe000 JavaThread "main" [_thread_blocked, id=1792, stack(0x0000000002720000,0x0000000002820000)]

Other Threads:
  0x000000000bb32800 VMThread [stack: 0x000000000cae0000,0x000000000cbe0000] [id=5064]
  0x000000000dec8800 WatcherThread [stack: 0x000000000e470000,0x000000000e570000] [id=2112]

VM state:not at safepoint (normal execution)

VM Mutex/Monitor currently owned by a thread:  ([mutex/lock_event])
[0x0000000001bfa7e0] CodeCache_lock - owner thread: 0x000000000bc02000
[0x0000000001bfbf10] Compile_lock - owner thread: 0x000000000bc02000
[0x0000000001bfc010] MethodCompileQueue_lock - owner thread: 0x000000000bc02000

Heap
 PSYoungGen      total 140608K, used 104465K [0x00000007d5560000, 0x00000007df180000, 0x0000000800000000)
  eden space 128640K, 71% used [0x00000007d5560000,0x00000007dafb8e38,0x00000007dd300000)
  from space 11968K, 99% used [0x00000007de110000,0x00000007decbb798,0x00000007decc0000)
  to   space 14400K, 0% used [0x00000007dd300000,0x00000007dd300000,0x00000007de110000)
 ParOldGen       total 87424K, used 11615K [0x0000000780000000, 0x0000000785560000, 0x00000007d5560000)
  object space 87424K, 13% used [0x0000000780000000,0x0000000780b57de0,0x0000000785560000)
 PSPermGen       total 36800K, used 36675K [0x000000077ae00000, 0x000000077d1f0000, 0x0000000780000000)
  object space 36800K, 99% used [0x000000077ae00000,0x000000077d1d0dc8,0x000000077d1f0000)

Card table byte_map: [0x0000000005820000,0x0000000005c50000] byte_map_base: 0x0000000001c49000

Polling page: 0x00000000001b0000

Code Cache  [0x0000000002820000, 0x0000000002b00000, 0x0000000005820000)
 total_blobs=1026 nmethods=649 adapters=333 free_code_cache=46339Kb largest_free_block=47346752

Compilation events (10 events):
Event: 307.017 Thread 0x000000000bbfe800 nmethod 683 0x000000000297d390 code [0x000000000297d500, 0x000000000297e158]
Event: 307.017 Thread 0x000000000bbfe800  684             java.util.AbstractCollection::toArray (116 bytes)
Event: 307.021 Thread 0x000000000bbfe800 nmethod 684 0x00000000028f8110 code [0x00000000028f82a0, 0x00000000028f86f8]
Event: 307.021 Thread 0x000000000bbfe800  685   !         java.util.zip.Inflater::ended (32 bytes)
Event: 307.022 Thread 0x000000000bbfe800 nmethod 685 0x00000000028dbc10 code [0x00000000028dbd60, 0x00000000028dc018]
Event: 307.022 Thread 0x000000000bbfe800  686             java.util.BitSet::checkInvariants (111 bytes)
Event: 307.023 Thread 0x000000000bbfe800 nmethod 686 0x0000000002988590 code [0x00000000029886c0, 0x0000000002988718]
Event: 307.048 Thread 0x000000000bbfe800  687             org.springframework.asm.ClassReader::readUnsignedShort (26 bytes)
Event: 307.049 Thread 0x000000000bbfe800 nmethod 687 0x00000000028a0c10 code [0x00000000028a0d60, 0x00000000028a0e78]
Event: 307.049 Thread 0x000000000bbfe800  688             sun.reflect.annotation.AnnotationInvocationHandler::invoke (194 bytes)

GC Heap History (10 events):
Event: 1.555 GC heap before
{Heap before GC invocations=2 (full 0):
 PSYoungGen      total 38208K, used 37823K [0x00000007d5560000, 0x00000007d8000000, 0x0000000800000000)
  eden space 32768K, 100% used [0x00000007d5560000,0x00000007d7560000,0x00000007d7560000)
  from space 5440K, 92% used [0x00000007d7560000,0x00000007d7a4fe28,0x00000007d7ab0000)
  to   space 5440K, 0% used [0x00000007d7ab0000,0x00000007d7ab0000,0x00000007d8000000)
 ParOldGen       total 87424K, used 8K [0x0000000780000000, 0x0000000785560000, 0x00000007d5560000)
  object space 87424K, 0% used [0x0000000780000000,0x0000000780002000,0x0000000785560000)
 PSPermGen       total 21248K, used 12598K [0x000000077ae00000, 0x000000077c2c0000, 0x0000000780000000)
  object space 21248K, 59% used [0x000000077ae00000,0x000000077ba4d998,0x000000077c2c0000)
Event: 1.565 GC heap after
Heap after GC invocations=2 (full 0):
 PSYoungGen      total 38208K, used 5413K [0x00000007d5560000, 0x00000007da000000, 0x0000000800000000)
  eden space 32768K, 0% used [0x00000007d5560000,0x00000007d5560000,0x00000007d7560000)
  from space 5440K, 99% used [0x00000007d7ab0000,0x00000007d7ff97e8,0x00000007d8000000)
  to   space 5440K, 0% used [0x00000007d7560000,0x00000007d7560000,0x00000007d7ab0000)
 ParOldGen       total 87424K, used 1723K [0x0000000780000000, 0x0000000785560000, 0x00000007d5560000)
  object space 87424K, 1% used [0x0000000780000000,0x00000007801aee48,0x0000000785560000)
 PSPermGen       total 21248K, used 12598K [0x000000077ae00000, 0x000000077c2c0000, 0x0000000780000000)
  object space 21248K, 59% used [0x000000077ae00000,0x000000077ba4d998,0x000000077c2c0000)
}
Event: 2.280 GC heap before
{Heap before GC invocations=3 (full 0):
 PSYoungGen      total 38208K, used 38181K [0x00000007d5560000, 0x00000007da000000, 0x0000000800000000)
  eden space 32768K, 100% used [0x00000007d5560000,0x00000007d7560000,0x00000007d7560000)
  from space 5440K, 99% used [0x00000007d7ab0000,0x00000007d7ff97e8,0x00000007d8000000)
  to   space 5440K, 0% used [0x00000007d7560000,0x00000007d7560000,0x00000007d7ab0000)
 ParOldGen       total 87424K, used 1723K [0x0000000780000000, 0x0000000785560000, 0x00000007d5560000)
  object space 87424K, 1% used [0x0000000780000000,0x00000007801aee48,0x0000000785560000)
 PSPermGen       total 21248K, used 12890K [0x000000077ae00000, 0x000000077c2c0000, 0x0000000780000000)
  object space 21248K, 60% used [0x000000077ae00000,0x000000077ba968f8,0x000000077c2c0000)
Event: 2.289 GC heap after
Heap after GC invocations=3 (full 0):
 PSYoungGen      total 38208K, used 5384K [0x00000007d5560000, 0x00000007da000000, 0x0000000800000000)
  eden space 32768K, 0% used [0x00000007d5560000,0x00000007d5560000,0x00000007d7560000)
  from space 5440K, 98% used [0x00000007d7560000,0x00000007d7aa2020,0x00000007d7ab0000)
  to   space 5440K, 0% used [0x00000007d9ab0000,0x00000007d9ab0000,0x00000007da000000)
 ParOldGen       total 87424K, used 1723K [0x0000000780000000, 0x0000000785560000, 0x00000007d5560000)
  object space 87424K, 1% used [0x0000000780000000,0x00000007801aee48,0x0000000785560000)
 PSPermGen       total 21248K, used 12890K [0x000000077ae00000, 0x000000077c2c0000, 0x0000000780000000)
  object space 21248K, 60% used [0x000000077ae00000,0x000000077ba968f8,0x000000077c2c0000)
}
Event: 2.739 GC heap before
{Heap before GC invocations=4 (full 0):
 PSYoungGen      total 38208K, used 38152K [0x00000007d5560000, 0x00000007da000000, 0x0000000800000000)
  eden space 32768K, 100% used [0x00000007d5560000,0x00000007d7560000,0x00000007d7560000)
  from space 5440K, 98% used [0x00000007d7560000,0x00000007d7aa2020,0x00000007d7ab0000)
  to   space 5440K, 0% used [0x00000007d9ab0000,0x00000007d9ab0000,0x00000007da000000)
 ParOldGen       total 87424K, used 1723K [0x0000000780000000, 0x0000000785560000, 0x00000007d5560000)
  object space 87424K, 1% used [0x0000000780000000,0x00000007801aee48,0x0000000785560000)
 PSPermGen       total 21248K, used 13725K [0x000000077ae00000, 0x000000077c2c0000, 0x0000000780000000)
  object space 21248K, 64% used [0x000000077ae00000,0x000000077bb67460,0x000000077c2c0000)
Event: 2.749 GC heap after
Heap after GC invocations=4 (full 0):
 PSYoungGen      total 70976K, used 5416K [0x00000007d5560000, 0x00000007da000000, 0x0000000800000000)
  eden space 65536K, 0% used [0x00000007d5560000,0x00000007d5560000,0x00000007d9560000)
  from space 5440K, 99% used [0x00000007d9ab0000,0x00000007d9ffa040,0x00000007da000000)
  to   space 5440K, 0% used [0x00000007d9560000,0x00000007d9560000,0x00000007d9ab0000)
 ParOldGen       total 87424K, used 3506K [0x0000000780000000, 0x0000000785560000, 0x00000007d5560000)
  object space 87424K, 4% used [0x0000000780000000,0x000000078036cba8,0x0000000785560000)
 PSPermGen       total 21248K, used 13725K [0x000000077ae00000, 0x000000077c2c0000, 0x0000000780000000)
  object space 21248K, 64% used [0x000000077ae00000,0x000000077bb67460,0x000000077c2c0000)
}
Event: 3.877 GC heap before
{Heap before GC invocations=5 (full 0):
 PSYoungGen      total 70976K, used 70952K [0x00000007d5560000, 0x00000007da000000, 0x0000000800000000)
  eden space 65536K, 100% used [0x00000007d5560000,0x00000007d9560000,0x00000007d9560000)
  from space 5440K, 99% used [0x00000007d9ab0000,0x00000007d9ffa040,0x00000007da000000)
  to   space 5440K, 0% used [0x00000007d9560000,0x00000007d9560000,0x00000007d9ab0000)
 ParOldGen       total 87424K, used 3506K [0x0000000780000000, 0x0000000785560000, 0x00000007d5560000)
  object space 87424K, 4% used [0x0000000780000000,0x000000078036cba8,0x0000000785560000)
 PSPermGen       total 22208K, used 22102K [0x000000077ae00000, 0x000000077c3b0000, 0x0000000780000000)
  object space 22208K, 99% used [0x000000077ae00000,0x000000077c3958b8,0x000000077c3b0000)
Event: 3.895 GC heap after
Heap after GC invocations=5 (full 0):
 PSYoungGen      total 70976K, used 5439K [0x00000007d5560000, 0x00000007decc0000, 0x0000000800000000)
  eden space 65536K, 0% used [0x00000007d5560000,0x00000007d5560000,0x00000007d9560000)
  from space 5440K, 99% used [0x00000007d9560000,0x00000007d9aafe40,0x00000007d9ab0000)
  to   space 11968K, 0% used [0x00000007de110000,0x00000007de110000,0x00000007decc0000)
 ParOldGen       total 87424K, used 10473K [0x0000000780000000, 0x0000000785560000, 0x00000007d5560000)
  object space 87424K, 11% used [0x0000000780000000,0x0000000780a3a5b0,0x0000000785560000)
 PSPermGen       total 22208K, used 22102K [0x000000077ae00000, 0x000000077c3b0000, 0x0000000780000000)
  object space 22208K, 99% used [0x000000077ae00000,0x000000077c3958b8,0x000000077c3b0000)
}
Event: 5.054 GC heap before
{Heap before GC invocations=6 (full 0):
 PSYoungGen      total 70976K, used 70975K [0x00000007d5560000, 0x00000007decc0000, 0x0000000800000000)
  eden space 65536K, 100% used [0x00000007d5560000,0x00000007d9560000,0x00000007d9560000)
  from space 5440K, 99% used [0x00000007d9560000,0x00000007d9aafe40,0x00000007d9ab0000)
  to   space 11968K, 0% used [0x00000007de110000,0x00000007de110000,0x00000007decc0000)
 ParOldGen       total 87424K, used 10473K [0x0000000780000000, 0x0000000785560000, 0x00000007d5560000)
  object space 87424K, 11% used [0x0000000780000000,0x0000000780a3a5b0,0x0000000785560000)
 PSPermGen       total 30848K, used 30683K [0x000000077ae00000, 0x000000077cc20000, 0x0000000780000000)
  object space 30848K, 99% used [0x000000077ae00000,0x000000077cbf6e20,0x000000077cc20000)
Event: 5.080 GC heap after
Heap after GC invocations=6 (full 0):
 PSYoungGen      total 140608K, used 11949K [0x00000007d5560000, 0x00000007df180000, 0x0000000800000000)
  eden space 128640K, 0% used [0x00000007d5560000,0x00000007d5560000,0x00000007dd300000)
  from space 11968K, 99% used [0x00000007de110000,0x00000007decbb798,0x00000007decc0000)
  to   space 14400K, 0% used [0x00000007dd300000,0x00000007dd300000,0x00000007de110000)
 ParOldGen       total 87424K, used 11615K [0x0000000780000000, 0x0000000785560000, 0x00000007d5560000)
  object space 87424K, 13% used [0x0000000780000000,0x0000000780b57de0,0x0000000785560000)
 PSPermGen       total 30848K, used 30683K [0x000000077ae00000, 0x000000077cc20000, 0x0000000780000000)
  object space 30848K, 99% used [0x000000077ae00000,0x000000077cbf6e20,0x000000077cc20000)
}

Deoptimization events (10 events):
Event: 306.997 Thread 0x0000000016705800 Uncommon trap -89 fr.pc 0x0000000002a74050
Event: 306.997 Thread 0x0000000016705800 Uncommon trap -89 fr.pc 0x0000000002a74050
Event: 306.997 Thread 0x0000000016705800 Uncommon trap -89 fr.pc 0x0000000002a74050
Event: 306.997 Thread 0x0000000016705800 Uncommon trap -89 fr.pc 0x0000000002a74050
Event: 306.998 Thread 0x0000000016705800 Uncommon trap -89 fr.pc 0x0000000002a74050
Event: 306.998 Thread 0x0000000016705800 Uncommon trap -89 fr.pc 0x0000000002a74050
Event: 306.998 Thread 0x0000000016705800 Uncommon trap -89 fr.pc 0x0000000002a74050
Event: 306.998 Thread 0x0000000016705800 Uncommon trap -89 fr.pc 0x0000000002a74050
Event: 307.008 Thread 0x0000000016705800 Uncommon trap -89 fr.pc 0x0000000002a74050
Event: 307.042 Thread 0x0000000016705800 Uncommon trap -89 fr.pc 0x0000000002a74050

Internal exceptions (10 events):
Event: 306.997 Thread 0x0000000016705800 Threw 0x00000007dab36f18 at C:\jdk7u1_64p\jdk7u7\hotspot\src\share\vm\prims\jvm.cpp:1166
Event: 306.997 Thread 0x0000000016705800 Threw 0x00000007dab37450 at C:\jdk7u1_64p\jdk7u7\hotspot\src\share\vm\prims\jvm.cpp:1166
Event: 306.997 Thread 0x0000000016705800 Threw 0x00000007dab37ab8 at C:\jdk7u1_64p\jdk7u7\hotspot\src\share\vm\prims\jvm.cpp:1166
Event: 306.997 Thread 0x0000000016705800 Threw 0x00000007dab3d6a8 at C:\jdk7u1_64p\jdk7u7\hotspot\src\share\vm\prims\jvm.cpp:1166
Event: 306.998 Thread 0x0000000016705800 Threw 0x00000007dab3e018 at C:\jdk7u1_64p\jdk7u7\hotspot\src\share\vm\prims\jvm.cpp:1166
Event: 306.998 Thread 0x0000000016705800 Threw 0x00000007dab3fc70 at C:\jdk7u1_64p\jdk7u7\hotspot\src\share\vm\prims\jvm.cpp:1166
Event: 306.998 Thread 0x0000000016705800 Threw 0x00000007dab401a8 at C:\jdk7u1_64p\jdk7u7\hotspot\src\share\vm\prims\jvm.cpp:1166
Event: 306.998 Thread 0x0000000016705800 Threw 0x00000007dab40810 at C:\jdk7u1_64p\jdk7u7\hotspot\src\share\vm\prims\jvm.cpp:1166
Event: 307.009 Thread 0x0000000016705800 Threw 0x00000007dabbb7f0 at C:\jdk7u1_64p\jdk7u7\hotspot\src\share\vm\prims\jvm.cpp:1166
Event: 307.042 Thread 0x0000000016705800 Threw 0x00000007dade1650 at C:\jdk7u1_64p\jdk7u7\hotspot\src\share\vm\prims\jvm.cpp:1166

Events (10 events):
Event: 307.008 Thread 0x0000000016705800 DEOPT UNPACKING pc=0x0000000002859164 sp=0x00000000112cbce8 mode 2
Event: 307.009 Thread 0x0000000016705800 DEOPT PACKING pc=0x0000000002a240e0 sp=0x00000000112cc5c0
Event: 307.009 Thread 0x0000000016705800 DEOPT UNPACKING pc=0x0000000002858fb9 sp=0x00000000112cc2e8 mode 1
Event: 307.017 Thread 0x000000000bbfe800 flushing nmethod 0x00000000028ef8d0
Event: 307.017 Thread 0x000000000bbfe800 flushing nmethod 0x00000000028f7cd0
Event: 307.022 Thread 0x000000000bbfe800 flushing nmethod 0x0000000002958cd0
Event: 307.042 Thread 0x0000000016705800 DEOPT PACKING pc=0x0000000002a74050 sp=0x00000000112cbe50
Event: 307.042 Thread 0x0000000016705800 DEOPT UNPACKING pc=0x0000000002859164 sp=0x00000000112cbdd8 mode 2
Event: 307.042 Thread 0x0000000016705800 DEOPT PACKING pc=0x0000000002a240e0 sp=0x00000000112cc6b0
Event: 307.042 Thread 0x0000000016705800 DEOPT UNPACKING pc=0x0000000002858fb9 sp=0x00000000112cc3d8 mode 1


Dynamic libraries:
0x000000013f7c0000 - 0x000000013f7f4000 	C:\Program Files\Java\jdk1.7.0_07\bin\javaw.exe
0x0000000077680000 - 0x000000007782b000 	C:\Windows\SYSTEM32\ntdll.dll
0x0000000077560000 - 0x000000007767f000 	C:\Windows\system32\kernel32.dll
0x000007fefd6b0000 - 0x000007fefd71b000 	C:\Windows\system32\KERNELBASE.dll
0x000007fefe0c0000 - 0x000007fefe19b000 	C:\Windows\system32\ADVAPI32.dll
0x000007fefd9b0000 - 0x000007fefda4f000 	C:\Windows\system32\msvcrt.dll
0x000007feff740000 - 0x000007feff75f000 	C:\Windows\SYSTEM32\sechost.dll
0x000007feff860000 - 0x000007feff98e000 	C:\Windows\system32\RPCRT4.dll
0x0000000077460000 - 0x000000007755a000 	C:\Windows\system32\USER32.dll
0x000007fefdb80000 - 0x000007fefdbe7000 	C:\Windows\system32\GDI32.dll
0x000007feff850000 - 0x000007feff85e000 	C:\Windows\system32\LPK.dll
0x000007fefdab0000 - 0x000007fefdb7a000 	C:\Windows\system32\USP10.dll
0x000007fefb990000 - 0x000007fefbb84000 	C:\Windows\WinSxS\amd64_microsoft.windows.common-controls_6595b64144ccf1df_6.0.7600.16385_none_fa645303170382f6\COMCTL32.dll
0x000007feff100000 - 0x000007feff171000 	C:\Windows\system32\SHLWAPI.dll
0x000007fefe090000 - 0x000007fefe0be000 	C:\Windows\system32\IMM32.DLL
0x000007fefdbf0000 - 0x000007fefdcf9000 	C:\Windows\system32\MSCTF.dll
0x0000000074590000 - 0x0000000074661000 	C:\Program Files\Java\jdk1.7.0_07\jre\bin\msvcr100.dll
0x0000000072910000 - 0x000000007302f000 	C:\Program Files\Java\jdk1.7.0_07\jre\bin\server\jvm.dll
0x000007fef99d0000 - 0x000007fef99d9000 	C:\Windows\system32\WSOCK32.dll
0x000007fefda50000 - 0x000007fefda9d000 	C:\Windows\system32\WS2_32.dll
0x000007fefdaa0000 - 0x000007fefdaa8000 	C:\Windows\system32\NSI.dll
0x000007fefb190000 - 0x000007fefb1cb000 	C:\Windows\system32\WINMM.dll
0x0000000077850000 - 0x0000000077857000 	C:\Windows\system32\PSAPI.DLL
0x0000000075380000 - 0x000000007538f000 	C:\Program Files\Java\jdk1.7.0_07\jre\bin\verify.dll
0x0000000074560000 - 0x0000000074588000 	C:\Program Files\Java\jdk1.7.0_07\jre\bin\java.dll
0x000000006abc0000 - 0x000000006abf5000 	C:\Program Files\Java\jdk1.7.0_07\jre\bin\jdwp.dll
0x000000006abb0000 - 0x000000006abb8000 	C:\Program Files\Java\jdk1.7.0_07\jre\bin\npt.dll
0x0000000074540000 - 0x0000000074555000 	C:\Program Files\Java\jdk1.7.0_07\jre\bin\zip.dll
0x000000006e9a0000 - 0x000000006e9a9000 	C:\Program Files\Java\jdk1.7.0_07\jre\bin\dt_socket.dll
0x000007fefbe40000 - 0x000007fefbe55000 	C:\Windows\system32\NLAapi.dll
0x000007fefcdc0000 - 0x000007fefce14000 	C:\Windows\System32\mswsock.dll
0x000007fefcc50000 - 0x000007fefccab000 	C:\Windows\system32\DNSAPI.dll
0x000007fef6f00000 - 0x000007fef6f0b000 	C:\Windows\System32\winrnr.dll
0x000007fef6ee0000 - 0x000007fef6ef5000 	C:\Windows\system32\napinsp.dll
0x000007fef6ec0000 - 0x000007fef6ed9000 	C:\Windows\system32\pnrpnsp.dll
0x000007fefb8c0000 - 0x000007fefb8e7000 	C:\Windows\system32\IPHLPAPI.DLL
0x000007fefb8b0000 - 0x000007fefb8bb000 	C:\Windows\system32\WINNSI.DLL
0x000007fefb810000 - 0x000007fefb863000 	C:\Windows\System32\fwpuclnt.dll
0x000007fef99c0000 - 0x000007fef99c8000 	C:\Windows\system32\rasadhlp.dll
0x000007fefc980000 - 0x000007fefc987000 	C:\Windows\System32\wshtcpip.dll
0x0000000074520000 - 0x0000000074539000 	C:\Program Files\Java\jdk1.7.0_07\jre\bin\net.dll
0x000007fefce40000 - 0x000007fefce47000 	C:\Windows\System32\wship6.dll
0x0000000074500000 - 0x0000000074511000 	C:\Program Files\Java\jdk1.7.0_07\jre\bin\nio.dll
0x000007fefd470000 - 0x000007fefd4c7000 	C:\Windows\system32\apphelp.dll
0x000007fefce50000 - 0x000007fefce67000 	C:\Windows\system32\CRYPTSP.dll
0x000007fefcb20000 - 0x000007fefcb67000 	C:\Windows\system32\rsaenh.dll
0x000007fefc990000 - 0x000007fefc9ae000 	C:\Windows\system32\USERENV.dll
0x000007fefd5e0000 - 0x000007fefd5ef000 	C:\Windows\system32\profapi.dll
0x000007fefd4d0000 - 0x000007fefd4df000 	C:\Windows\system32\CRYPTBASE.dll
0x000007fef1db0000 - 0x000007fef1ed5000 	C:\Windows\system32\dbghelp.dll

VM Arguments:
jvm_args: -agentlib:jdwp=transport=dt_socket,suspend=y,address=localhost:55217 -Dmaven.home=D:\new\java\maven\maven3 -Dclassworlds.conf=D:\Kimalu\GitHub\.metadata\.plugins\org.maven.ide.eclipse\launches\m2conf8059416033075671638.tmp -Dfile.encoding=UTF-8 
java_command: org.codehaus.plexus.classworlds.launcher.Launcher -B -s D:\new\java\maven\maven3\conf\settings.xml jetty:run -X
Launcher Type: SUN_STANDARD

Environment Variables:
JAVA_HOME=C:\Program Files\Java\jdk1.7.0_07
PATH=C:\Program Files\Java\jdk1.7.0_07\jre\bin;C:\Windows\system32;C:\Windows;C:\Windows\System32\Wbem;C:\Windows\System32\WindowsPowerShell\v1.0\;C:\Program Files\Java\jdk1.7.0_07/bin;D:\new\java\maven\maven3/bin;
USERNAME=Kimalu
OS=Windows_NT
PROCESSOR_IDENTIFIER=AMD64 Family 16 Model 4 Stepping 3, AuthenticAMD



---------------  S Y S T E M  ---------------

OS: Windows 7 , 64 bit Build 7600 

CPU:total 4 (4 cores per cpu, 1 threads per core) family 16 model 4 stepping 3, cmov, cx8, fxsr, mmx, sse, sse2, sse3, popcnt, mmxext, 3dnowpref, lzcnt, sse4a, tsc, tscinvbit, tscinv

Memory: 4k page, physical 8387896k(5506480k free), swap 16773896k(13280444k free)

vm_info: Java HotSpot(TM) 64-Bit Server VM (23.3-b01) for windows-amd64 JRE (1.7.0_07-b11), built on Sep  7 2012 01:19:25 by "java_re" with unknown MS VC++:1600

time: Sun Oct 21 15:49:08 2012
elapsed time: 307 seconds

